[2017-08-23 13:41:29,772] INFO     1[main] - com.imcs.EmpApp.ClientDemo.load(ClientDemo.java:44) - Reading Bonus File 
[2017-08-23 13:41:30,195] INFO   424[main] - com.imcs.project.dao.BonusDao.save(BonusDao.java:44) - Executing batch of bonus list from file
[2017-08-23 13:41:30,391] INFO   620[main] - com.imcs.project.service.EmployeeBonusImpl.allocate(EmployeeBonusImpl.java:44) - executing threading is : Thread[Thread-1,5,main]
[2017-08-23 13:41:30,392] INFO   621[main] - com.imcs.project.service.EmployeeBonusImpl.allocate(EmployeeBonusImpl.java:44) - executing threading is : Thread[Thread-2,5,main]
[2017-08-23 13:41:30,393] INFO   622[main] - com.imcs.project.service.EmployeeBonusImpl.allocate(EmployeeBonusImpl.java:44) - executing threading is : Thread[Thread-3,5,main]
[2017-08-23 13:41:30,416] INFO   645[main] - com.imcs.project.service.EmployeeBonusImpl.allocate(EmployeeBonusImpl.java:44) - executing threading is : Thread[Thread-4,5,main]
[2017-08-23 13:41:30,491] INFO   720[pool-1-thread-2] - com.imcs.project.dao.EmployeeBonusDaoImpl.addEmployeeBonus(EmployeeBonusDaoImpl.java:62) - Executing addEmployee bonus 
[2017-08-23 13:41:30,532] INFO   761[pool-1-thread-1] - com.imcs.project.dao.EmployeeBonusDaoImpl.addEmployeeBonus(EmployeeBonusDaoImpl.java:62) - Executing addEmployee bonus 
[2017-08-23 13:41:30,647] INFO   876[pool-1-thread-2] - com.imcs.project.dao.EmployeeBonusDaoImpl.addEmployeeBonus(EmployeeBonusDaoImpl.java:62) - Executing addEmployee bonus 
[2017-08-23 13:41:30,687] INFO   916[pool-1-thread-1] - com.imcs.project.dao.EmployeeBonusDaoImpl.addEmployeeBonus(EmployeeBonusDaoImpl.java:62) - Executing addEmployee bonus 
[2017-08-23 13:41:30,814] INFO  1043[pool-1-thread-2] - com.imcs.project.dao.EmployeeBonusDaoImpl.addEmployeeBonus(EmployeeBonusDaoImpl.java:62) - Executing addEmployee bonus 
[2017-08-23 13:41:30,853] INFO  1082[pool-1-thread-1] - com.imcs.project.dao.EmployeeBonusDaoImpl.addEmployeeBonus(EmployeeBonusDaoImpl.java:62) - Executing addEmployee bonus 
[2017-08-23 13:46:59,409] INFO     0[main] - com.imcs.EmpApp.ClientDemo.load(ClientDemo.java:44) - Reading Bonus File 
[2017-08-23 13:46:59,644] INFO   235[main] - com.imcs.project.dao.BonusDao.save(BonusDao.java:44) - Executing batch of bonus list from file
[2017-08-23 13:46:59,775] INFO   366[main] - com.imcs.project.service.EmployeeBonusImpl.allocate(EmployeeBonusImpl.java:44) - executing threading is : Thread[Thread-1,5,main]
[2017-08-23 13:46:59,775] INFO   366[main] - com.imcs.project.service.EmployeeBonusImpl.allocate(EmployeeBonusImpl.java:44) - executing threading is : Thread[Thread-2,5,main]
[2017-08-23 13:46:59,776] INFO   367[main] - com.imcs.project.service.EmployeeBonusImpl.allocate(EmployeeBonusImpl.java:44) - executing threading is : Thread[Thread-3,5,main]
[2017-08-23 13:46:59,786] INFO   377[main] - com.imcs.project.service.EmployeeBonusImpl.allocate(EmployeeBonusImpl.java:44) - executing threading is : Thread[Thread-4,5,main]
[2017-08-23 13:46:59,905] INFO   496[pool-1-thread-2] - com.imcs.project.dao.EmployeeBonusDaoImpl.addEmployeeBonus(EmployeeBonusDaoImpl.java:62) - Executing addEmployee bonus 
[2017-08-23 13:46:59,940] INFO   531[pool-1-thread-1] - com.imcs.project.dao.EmployeeBonusDaoImpl.addEmployeeBonus(EmployeeBonusDaoImpl.java:62) - Executing addEmployee bonus 
[2017-08-23 13:47:00,059] INFO   650[pool-1-thread-2] - com.imcs.project.dao.EmployeeBonusDaoImpl.addEmployeeBonus(EmployeeBonusDaoImpl.java:62) - Executing addEmployee bonus 
[2017-08-23 13:47:00,096] INFO   687[pool-1-thread-1] - com.imcs.project.dao.EmployeeBonusDaoImpl.addEmployeeBonus(EmployeeBonusDaoImpl.java:62) - Executing addEmployee bonus 
[2017-08-23 13:47:00,214] INFO   805[pool-1-thread-2] - com.imcs.project.dao.EmployeeBonusDaoImpl.addEmployeeBonus(EmployeeBonusDaoImpl.java:62) - Executing addEmployee bonus 
[2017-08-23 13:47:00,251] INFO   842[pool-1-thread-1] - com.imcs.project.dao.EmployeeBonusDaoImpl.addEmployeeBonus(EmployeeBonusDaoImpl.java:62) - Executing addEmployee bonus 
